<?xml version="1.0" encoding="UTF-8"?>
<testng-results ignored="0" total="8" passed="7" failed="1" skipped="0">
  <reporter-output>
  </reporter-output>
  <suite started-at="2022-08-19T10:48:31 EDT" name="Surefire suite" finished-at="2022-08-19T10:49:36 EDT" duration-ms="65628">
    <groups>
    </groups>
    <test started-at="2022-08-19T10:48:31 EDT" name="Surefire test" finished-at="2022-08-19T10:49:36 EDT" duration-ms="65628">
      <class name="com.fbp.qa.testcases.EventPageTest">
        <test-method is-config="true" signature="setup()[pri:0, instance:com.fbp.qa.testcases.EventPageTest@105fece7]" started-at="2022-08-19T10:48:31 EDT" name="setup" finished-at="2022-08-19T10:48:42 EDT" duration-ms="11751" status="PASS">
          <reporter-output>
          </reporter-output>
        </test-method> <!-- setup -->
        <test-method signature="verifyEventsPageLabel()[pri:1, instance:com.fbp.qa.testcases.EventPageTest@105fece7]" started-at="2022-08-19T10:48:42 EDT" name="verifyEventsPageLabel" finished-at="2022-08-19T10:48:43 EDT" duration-ms="393" status="PASS">
          <reporter-output>
          </reporter-output>
        </test-method> <!-- verifyEventsPageLabel -->
        <test-method is-config="true" signature="teraDown()[pri:0, instance:com.fbp.qa.testcases.EventPageTest@105fece7]" started-at="2022-08-19T10:48:43 EDT" name="teraDown" finished-at="2022-08-19T10:48:44 EDT" duration-ms="816" status="PASS">
          <reporter-output>
          </reporter-output>
        </test-method> <!-- teraDown -->
        <test-method is-config="true" signature="setup()[pri:0, instance:com.fbp.qa.testcases.EventPageTest@105fece7]" started-at="2022-08-19T10:48:44 EDT" name="setup" finished-at="2022-08-19T10:48:53 EDT" duration-ms="9058" status="PASS">
          <reporter-output>
          </reporter-output>
        </test-method> <!-- setup -->
        <test-method signature="selectNotificationsTest()[pri:2, instance:com.fbp.qa.testcases.EventPageTest@105fece7]" started-at="2022-08-19T10:48:53 EDT" name="selectNotificationsTest" finished-at="2022-08-19T10:48:56 EDT" duration-ms="3337" status="PASS">
          <reporter-output>
          </reporter-output>
        </test-method> <!-- selectNotificationsTest -->
        <test-method is-config="true" signature="teraDown()[pri:0, instance:com.fbp.qa.testcases.EventPageTest@105fece7]" started-at="2022-08-19T10:48:56 EDT" name="teraDown" finished-at="2022-08-19T10:48:57 EDT" duration-ms="714" status="PASS">
          <reporter-output>
          </reporter-output>
        </test-method> <!-- teraDown -->
      </class> <!-- com.fbp.qa.testcases.EventPageTest -->
      <class name="com.fbp.qa.testcases.HomePageTest">
        <test-method is-config="true" signature="setup()[pri:0, instance:com.fbp.qa.testcases.HomePageTest@3a079870]" started-at="2022-08-19T10:48:57 EDT" name="setup" finished-at="2022-08-19T10:49:01 EDT" duration-ms="4052" status="PASS">
          <reporter-output>
          </reporter-output>
        </test-method> <!-- setup -->
        <test-method signature="verifyHomePageTitleTest()[pri:1, instance:com.fbp.qa.testcases.HomePageTest@3a079870]" started-at="2022-08-19T10:49:01 EDT" name="verifyHomePageTitleTest" finished-at="2022-08-19T10:49:04 EDT" duration-ms="3248" status="FAIL">
          <exception class="java.lang.AssertionError">
            <message>
              <![CDATA[Home Page Title not matched expected [Facebook - log in or sign up] but found []]]>
            </message>
            <full-stacktrace>
              <![CDATA[java.lang.AssertionError: Home Page Title not matched expected [Facebook - log in or sign up] but found []
at org.testng.Assert.fail(Assert.java:110)
at org.testng.Assert.failNotEquals(Assert.java:1413)
at org.testng.Assert.assertEqualsImpl(Assert.java:149)
at org.testng.Assert.assertEquals(Assert.java:131)
at org.testng.Assert.assertEquals(Assert.java:655)
at com.fbp.qa.testcases.HomePageTest.verifyHomePageTitleTest(HomePageTest.java:36)
at java.base/jdk.internal.reflect.NativeMethodAccessorImpl.invoke0(Native Method)
at java.base/jdk.internal.reflect.NativeMethodAccessorImpl.invoke(NativeMethodAccessorImpl.java:62)
at java.base/jdk.internal.reflect.DelegatingMethodAccessorImpl.invoke(DelegatingMethodAccessorImpl.java:43)
at java.base/java.lang.reflect.Method.invoke(Method.java:564)
at org.testng.internal.invokers.MethodInvocationHelper.invokeMethod(MethodInvocationHelper.java:139)
at org.testng.internal.invokers.TestInvoker.invokeMethod(TestInvoker.java:677)
at org.testng.internal.invokers.TestInvoker.invokeTestMethod(TestInvoker.java:221)
at org.testng.internal.invokers.MethodRunner.runInSequence(MethodRunner.java:50)
at org.testng.internal.invokers.TestInvoker$MethodInvocationAgent.invoke(TestInvoker.java:962)
at org.testng.internal.invokers.TestInvoker.invokeTestMethods(TestInvoker.java:194)
at org.testng.internal.invokers.TestMethodWorker.invokeTestMethods(TestMethodWorker.java:148)
at org.testng.internal.invokers.TestMethodWorker.run(TestMethodWorker.java:128)
at java.base/java.util.ArrayList.forEach(ArrayList.java:1511)
at org.testng.TestRunner.privateRun(TestRunner.java:806)
at org.testng.TestRunner.run(TestRunner.java:601)
at org.testng.SuiteRunner.runTest(SuiteRunner.java:433)
at org.testng.SuiteRunner.runSequentially(SuiteRunner.java:427)
at org.testng.SuiteRunner.privateRun(SuiteRunner.java:387)
at org.testng.SuiteRunner.run(SuiteRunner.java:330)
at org.testng.SuiteRunnerWorker.runSuite(SuiteRunnerWorker.java:52)
at org.testng.SuiteRunnerWorker.run(SuiteRunnerWorker.java:95)
at org.testng.TestNG.runSuitesSequentially(TestNG.java:1256)
at org.testng.TestNG.runSuitesLocally(TestNG.java:1176)
at org.testng.TestNG.runSuites(TestNG.java:1099)
at org.testng.TestNG.run(TestNG.java:1067)
at org.apache.maven.surefire.testng.TestNGExecutor.run(TestNGExecutor.java:135)
at org.apache.maven.surefire.testng.TestNGDirectoryTestSuite.executeMulti(TestNGDirectoryTestSuite.java:193)
at org.apache.maven.surefire.testng.TestNGDirectoryTestSuite.execute(TestNGDirectoryTestSuite.java:94)
at org.apache.maven.surefire.testng.TestNGProvider.invoke(TestNGProvider.java:146)
at org.apache.maven.surefire.booter.ForkedBooter.invokeProviderInSameClassLoader(ForkedBooter.java:384)
at org.apache.maven.surefire.booter.ForkedBooter.runSuitesInProcess(ForkedBooter.java:345)
at org.apache.maven.surefire.booter.ForkedBooter.execute(ForkedBooter.java:126)
at org.apache.maven.surefire.booter.ForkedBooter.main(ForkedBooter.java:418)
]]>
            </full-stacktrace>
          </exception> <!-- java.lang.AssertionError -->
          <reporter-output>
          </reporter-output>
        </test-method> <!-- verifyHomePageTitleTest -->
        <test-method is-config="true" signature="teraDown()[pri:0, instance:com.fbp.qa.testcases.HomePageTest@3a079870]" started-at="2022-08-19T10:49:04 EDT" name="teraDown" finished-at="2022-08-19T10:49:05 EDT" duration-ms="713" status="PASS">
          <reporter-output>
          </reporter-output>
        </test-method> <!-- teraDown -->
        <test-method is-config="true" signature="setup()[pri:0, instance:com.fbp.qa.testcases.HomePageTest@3a079870]" started-at="2022-08-19T10:49:05 EDT" name="setup" finished-at="2022-08-19T10:49:09 EDT" duration-ms="4211" status="PASS">
          <reporter-output>
          </reporter-output>
        </test-method> <!-- setup -->
        <test-method signature="verifyUserNameTest()[pri:2, instance:com.fbp.qa.testcases.HomePageTest@3a079870]" started-at="2022-08-19T10:49:09 EDT" name="verifyUserNameTest" finished-at="2022-08-19T10:49:13 EDT" duration-ms="3702" status="PASS">
          <reporter-output>
          </reporter-output>
        </test-method> <!-- verifyUserNameTest -->
        <test-method is-config="true" signature="teraDown()[pri:0, instance:com.fbp.qa.testcases.HomePageTest@3a079870]" started-at="2022-08-19T10:49:13 EDT" name="teraDown" finished-at="2022-08-19T10:49:13 EDT" duration-ms="655" status="PASS">
          <reporter-output>
          </reporter-output>
        </test-method> <!-- teraDown -->
        <test-method is-config="true" signature="setup()[pri:0, instance:com.fbp.qa.testcases.HomePageTest@3a079870]" started-at="2022-08-19T10:49:13 EDT" name="setup" finished-at="2022-08-19T10:49:17 EDT" duration-ms="4179" status="PASS">
          <reporter-output>
          </reporter-output>
        </test-method> <!-- setup -->
        <test-method signature="verifyEventTest()[pri:3, instance:com.fbp.qa.testcases.HomePageTest@3a079870]" started-at="2022-08-19T10:49:17 EDT" name="verifyEventTest" finished-at="2022-08-19T10:49:22 EDT" duration-ms="4122" status="PASS">
          <reporter-output>
          </reporter-output>
        </test-method> <!-- verifyEventTest -->
        <test-method is-config="true" signature="teraDown()[pri:0, instance:com.fbp.qa.testcases.HomePageTest@3a079870]" started-at="2022-08-19T10:49:22 EDT" name="teraDown" finished-at="2022-08-19T10:49:22 EDT" duration-ms="692" status="PASS">
          <reporter-output>
          </reporter-output>
        </test-method> <!-- teraDown -->
      </class> <!-- com.fbp.qa.testcases.HomePageTest -->
      <class name="com.fbp.qa.testcases.LoginPageTest">
        <test-method is-config="true" signature="setup()[pri:0, instance:com.fbp.qa.testcases.LoginPageTest@3b2cf7ab]" started-at="2022-08-19T10:49:22 EDT" name="setup" finished-at="2022-08-19T10:49:26 EDT" duration-ms="3995" status="PASS">
          <reporter-output>
          </reporter-output>
        </test-method> <!-- setup -->
        <test-method signature="loginPageTitleTest()[pri:1, instance:com.fbp.qa.testcases.LoginPageTest@3b2cf7ab]" started-at="2022-08-19T10:49:26 EDT" name="loginPageTitleTest" finished-at="2022-08-19T10:49:26 EDT" duration-ms="9" status="PASS">
          <reporter-output>
          </reporter-output>
        </test-method> <!-- loginPageTitleTest -->
        <test-method is-config="true" signature="tearDown()[pri:0, instance:com.fbp.qa.testcases.LoginPageTest@3b2cf7ab]" started-at="2022-08-19T10:49:26 EDT" name="tearDown" finished-at="2022-08-19T10:49:27 EDT" duration-ms="727" status="PASS">
          <reporter-output>
          </reporter-output>
        </test-method> <!-- tearDown -->
        <test-method is-config="true" signature="setup()[pri:0, instance:com.fbp.qa.testcases.LoginPageTest@3b2cf7ab]" started-at="2022-08-19T10:49:27 EDT" name="setup" finished-at="2022-08-19T10:49:31 EDT" duration-ms="3675" status="PASS">
          <reporter-output>
          </reporter-output>
        </test-method> <!-- setup -->
        <test-method signature="fblogoImgTest()[pri:2, instance:com.fbp.qa.testcases.LoginPageTest@3b2cf7ab]" started-at="2022-08-19T10:49:31 EDT" name="fblogoImgTest" finished-at="2022-08-19T10:49:31 EDT" duration-ms="43" status="PASS">
          <reporter-output>
          </reporter-output>
        </test-method> <!-- fblogoImgTest -->
        <test-method is-config="true" signature="tearDown()[pri:0, instance:com.fbp.qa.testcases.LoginPageTest@3b2cf7ab]" started-at="2022-08-19T10:49:31 EDT" name="tearDown" finished-at="2022-08-19T10:49:31 EDT" duration-ms="630" status="PASS">
          <reporter-output>
          </reporter-output>
        </test-method> <!-- tearDown -->
        <test-method is-config="true" signature="setup()[pri:0, instance:com.fbp.qa.testcases.LoginPageTest@3b2cf7ab]" started-at="2022-08-19T10:49:31 EDT" name="setup" finished-at="2022-08-19T10:49:35 EDT" duration-ms="3842" status="PASS">
          <reporter-output>
          </reporter-output>
        </test-method> <!-- setup -->
        <test-method signature="loginTest()[pri:3, instance:com.fbp.qa.testcases.LoginPageTest@3b2cf7ab]" started-at="2022-08-19T10:49:35 EDT" name="loginTest" finished-at="2022-08-19T10:49:35 EDT" duration-ms="271" status="PASS">
          <reporter-output>
          </reporter-output>
        </test-method> <!-- loginTest -->
        <test-method is-config="true" signature="tearDown()[pri:0, instance:com.fbp.qa.testcases.LoginPageTest@3b2cf7ab]" started-at="2022-08-19T10:49:35 EDT" name="tearDown" finished-at="2022-08-19T10:49:36 EDT" duration-ms="680" status="PASS">
          <reporter-output>
          </reporter-output>
        </test-method> <!-- tearDown -->
      </class> <!-- com.fbp.qa.testcases.LoginPageTest -->
    </test> <!-- Surefire test -->
  </suite> <!-- Surefire suite -->
</testng-results>
